<?xml version="1.0" encoding="UTF-8"?>
<testsuite name="com.group.libraryapp.calculator.JunitTest" tests="2" skipped="0" failures="0" errors="0" timestamp="2023-10-15T07:11:27" hostname="MacBookPro.local" time="0.002">
  <properties/>
  <testcase name="test1()" classname="com.group.libraryapp.calculator.JunitTest" time="0.002"/>
  <testcase name="test2()" classname="com.group.libraryapp.calculator.JunitTest" time="0.0"/>
  <system-out><![CDATA[모든 테스트 시작 전
테스트 실행 전
test1
테스트 종료 후
테스트 실행 전
test2
테스트 종료 후
모든 테스트 종료 후
]]></system-out>
  <system-err><![CDATA[]]></system-err>
</testsuite>
