<?xml version="1.0" encoding="UTF-8"?>
<testsuite name="com.group.libraryapp.LibraryAppApplicationTests" tests="1" skipped="0" failures="0" errors="0" timestamp="2023-10-15T05:57:06" hostname="MacBookPro.local" time="0.001">
  <properties/>
  <testcase name="contextLoads()" classname="com.group.libraryapp.LibraryAppApplicationTests" time="0.001"/>
  <system-out><![CDATA[2023-10-15 14:57:06.141  INFO 28787 --- [    Test worker] .b.t.c.SpringBootTestContextBootstrapper : Neither @ContextConfiguration nor @ContextHierarchy found for test class [com.group.libraryapp.LibraryAppApplicationTests], using SpringBootContextLoader
2023-10-15 14:57:06.141  INFO 28787 --- [    Test worker] o.s.t.c.support.AbstractContextLoader    : Could not detect default resource locations for test class [com.group.libraryapp.LibraryAppApplicationTests]: no resource found for suffixes {-context.xml, Context.groovy}.
2023-10-15 14:57:06.141  INFO 28787 --- [    Test worker] t.c.s.AnnotationConfigContextLoaderUtils : Could not detect default configuration classes for test class [com.group.libraryapp.LibraryAppApplicationTests]: LibraryAppApplicationTests does not declare any static, non-private, non-final, nested classes annotated with @Configuration.
2023-10-15 14:57:06.143  INFO 28787 --- [    Test worker] .b.t.c.SpringBootTestContextBootstrapper : Found @SpringBootConfiguration com.group.libraryapp.LibraryAppApplication for test class com.group.libraryapp.LibraryAppApplicationTests
2023-10-15 14:57:06.144  INFO 28787 --- [    Test worker] .b.t.c.SpringBootTestContextBootstrapper : Loaded default TestExecutionListener class names from location [META-INF/spring.factories]: [org.springframework.boot.test.autoconfigure.restdocs.RestDocsTestExecutionListener, org.springframework.boot.test.autoconfigure.web.client.MockRestServiceServerResetTestExecutionListener, org.springframework.boot.test.autoconfigure.web.servlet.MockMvcPrintOnlyOnFailureTestExecutionListener, org.springframework.boot.test.autoconfigure.web.servlet.WebDriverTestExecutionListener, org.springframework.boot.test.autoconfigure.webservices.client.MockWebServiceServerTestExecutionListener, org.springframework.boot.test.mock.mockito.MockitoTestExecutionListener, org.springframework.boot.test.mock.mockito.ResetMocksTestExecutionListener, org.springframework.test.context.web.ServletTestExecutionListener, org.springframework.test.context.support.DirtiesContextBeforeModesTestExecutionListener, org.springframework.test.context.event.ApplicationEventsTestExecutionListener, org.springframework.test.context.support.DependencyInjectionTestExecutionListener, org.springframework.test.context.support.DirtiesContextTestExecutionListener, org.springframework.test.context.transaction.TransactionalTestExecutionListener, org.springframework.test.context.jdbc.SqlScriptsTestExecutionListener, org.springframework.test.context.event.EventPublishingTestExecutionListener]
2023-10-15 14:57:06.144  INFO 28787 --- [    Test worker] .b.t.c.SpringBootTestContextBootstrapper : Using TestExecutionListeners: [org.springframework.test.context.web.ServletTestExecutionListener@35d31e1c, org.springframework.test.context.support.DirtiesContextBeforeModesTestExecutionListener@f8b6743, org.springframework.test.context.event.ApplicationEventsTestExecutionListener@644eed73, org.springframework.boot.test.mock.mockito.MockitoTestExecutionListener@253a8bdb, org.springframework.boot.test.autoconfigure.SpringBootDependencyInjectionTestExecutionListener@834529e, org.springframework.test.context.support.DirtiesContextTestExecutionListener@5c519da4, org.springframework.test.context.transaction.TransactionalTestExecutionListener@4f67d628, org.springframework.test.context.jdbc.SqlScriptsTestExecutionListener@3ef2f84c, org.springframework.test.context.event.EventPublishingTestExecutionListener@14f8fdae, org.springframework.boot.test.autoconfigure.restdocs.RestDocsTestExecutionListener@4414ee28, org.springframework.boot.test.autoconfigure.web.client.MockRestServiceServerResetTestExecutionListener@3533b614, org.springframework.boot.test.autoconfigure.web.servlet.MockMvcPrintOnlyOnFailureTestExecutionListener@1caa1866, org.springframework.boot.test.autoconfigure.web.servlet.WebDriverTestExecutionListener@4fec93d0, org.springframework.boot.test.autoconfigure.webservices.client.MockWebServiceServerTestExecutionListener@2cea41ab, org.springframework.boot.test.mock.mockito.ResetMocksTestExecutionListener@4c1c134]
]]></system-out>
  <system-err><![CDATA[]]></system-err>
</testsuite>
