<?xml version="1.0" encoding="UTF-8"?>
<testsuite name="com.group.libraryapp.calculator.JunitTest" tests="2" skipped="0" failures="0" errors="0" timestamp="2023-10-09T06:28:00" hostname="MacBookPro.local" time="0.008">
  <properties/>
  <testcase name="test1()" classname="com.group.libraryapp.calculator.JunitTest" time="0.007"/>
  <testcase name="test2()" classname="com.group.libraryapp.calculator.JunitTest" time="0.001"/>
  <system-out><![CDATA[테스트 실행 전
테스트1
테스트 실행 전
테스트2
]]></system-out>
  <system-err><![CDATA[]]></system-err>
</testsuite>
