<?xml version="1.0" encoding="UTF-8"?>
<testsuite name="com.group.libraryapp.LibraryAppApplicationTests" tests="1" skipped="0" failures="0" errors="0" timestamp="2023-10-22T13:54:43" hostname="MacBookPro.local" time="0.001">
  <properties/>
  <testcase name="contextLoads()" classname="com.group.libraryapp.LibraryAppApplicationTests" time="0.001"/>
  <system-out><![CDATA[2023-10-22 22:54:43.141  INFO 44888 --- [    Test worker] .b.t.c.SpringBootTestContextBootstrapper : Neither @ContextConfiguration nor @ContextHierarchy found for test class [com.group.libraryapp.LibraryAppApplicationTests], using SpringBootContextLoader
2023-10-22 22:54:43.142  INFO 44888 --- [    Test worker] o.s.t.c.support.AbstractContextLoader    : Could not detect default resource locations for test class [com.group.libraryapp.LibraryAppApplicationTests]: no resource found for suffixes {-context.xml, Context.groovy}.
2023-10-22 22:54:43.142  INFO 44888 --- [    Test worker] t.c.s.AnnotationConfigContextLoaderUtils : Could not detect default configuration classes for test class [com.group.libraryapp.LibraryAppApplicationTests]: LibraryAppApplicationTests does not declare any static, non-private, non-final, nested classes annotated with @Configuration.
2023-10-22 22:54:43.143  INFO 44888 --- [    Test worker] .b.t.c.SpringBootTestContextBootstrapper : Found @SpringBootConfiguration com.group.libraryapp.LibraryAppApplication for test class com.group.libraryapp.LibraryAppApplicationTests
2023-10-22 22:54:43.144  INFO 44888 --- [    Test worker] .b.t.c.SpringBootTestContextBootstrapper : Loaded default TestExecutionListener class names from location [META-INF/spring.factories]: [org.springframework.boot.test.autoconfigure.restdocs.RestDocsTestExecutionListener, org.springframework.boot.test.autoconfigure.web.client.MockRestServiceServerResetTestExecutionListener, org.springframework.boot.test.autoconfigure.web.servlet.MockMvcPrintOnlyOnFailureTestExecutionListener, org.springframework.boot.test.autoconfigure.web.servlet.WebDriverTestExecutionListener, org.springframework.boot.test.autoconfigure.webservices.client.MockWebServiceServerTestExecutionListener, org.springframework.boot.test.mock.mockito.MockitoTestExecutionListener, org.springframework.boot.test.mock.mockito.ResetMocksTestExecutionListener, org.springframework.test.context.web.ServletTestExecutionListener, org.springframework.test.context.support.DirtiesContextBeforeModesTestExecutionListener, org.springframework.test.context.event.ApplicationEventsTestExecutionListener, org.springframework.test.context.support.DependencyInjectionTestExecutionListener, org.springframework.test.context.support.DirtiesContextTestExecutionListener, org.springframework.test.context.transaction.TransactionalTestExecutionListener, org.springframework.test.context.jdbc.SqlScriptsTestExecutionListener, org.springframework.test.context.event.EventPublishingTestExecutionListener]
2023-10-22 22:54:43.144  INFO 44888 --- [    Test worker] .b.t.c.SpringBootTestContextBootstrapper : Using TestExecutionListeners: [org.springframework.test.context.web.ServletTestExecutionListener@3f9ee527, org.springframework.test.context.support.DirtiesContextBeforeModesTestExecutionListener@2a41d17a, org.springframework.test.context.event.ApplicationEventsTestExecutionListener@58a5b69c, org.springframework.boot.test.mock.mockito.MockitoTestExecutionListener@3b22bcad, org.springframework.boot.test.autoconfigure.SpringBootDependencyInjectionTestExecutionListener@735dc133, org.springframework.test.context.support.DirtiesContextTestExecutionListener@57330423, org.springframework.test.context.transaction.TransactionalTestExecutionListener@2257590f, org.springframework.test.context.jdbc.SqlScriptsTestExecutionListener@c3e5e3c, org.springframework.test.context.event.EventPublishingTestExecutionListener@11f752d1, org.springframework.boot.test.autoconfigure.restdocs.RestDocsTestExecutionListener@5eaa4ed0, org.springframework.boot.test.autoconfigure.web.client.MockRestServiceServerResetTestExecutionListener@462deb2b, org.springframework.boot.test.autoconfigure.web.servlet.MockMvcPrintOnlyOnFailureTestExecutionListener@381c826c, org.springframework.boot.test.autoconfigure.web.servlet.WebDriverTestExecutionListener@13563e64, org.springframework.boot.test.autoconfigure.webservices.client.MockWebServiceServerTestExecutionListener@1f062e10, org.springframework.boot.test.mock.mockito.ResetMocksTestExecutionListener@36dbfa68]
]]></system-out>
  <system-err><![CDATA[]]></system-err>
</testsuite>
