<?xml version="1.0" encoding="UTF-8"?>
<testsuite name="com.group.libraryapp.calculator.JunitCalculatorTest" tests="6" skipped="0" failures="0" errors="0" timestamp="2023-10-15T06:38:36" hostname="MacBookPro.local" time="0.027">
  <properties/>
  <testcase name="divideTest" classname="com.group.libraryapp.calculator.JunitCalculatorTest" time="0.022"/>
  <testcase name="addTest" classname="com.group.libraryapp.calculator.JunitCalculatorTest" time="0.001"/>
  <testcase name="multiplyTest" classname="com.group.libraryapp.calculator.JunitCalculatorTest" time="0.0"/>
  <testcase name="divideExceptionTestWithScopeFunction" classname="com.group.libraryapp.calculator.JunitCalculatorTest" time="0.003"/>
  <testcase name="divideExceptionTest" classname="com.group.libraryapp.calculator.JunitCalculatorTest" time="0.0"/>
  <testcase name="minusTest" classname="com.group.libraryapp.calculator.JunitCalculatorTest" time="0.0"/>
  <system-out><![CDATA[]]></system-out>
  <system-err><![CDATA[]]></system-err>
</testsuite>
