<?xml version="1.0" encoding="UTF-8"?>
<testsuite name="com.group.libraryapp.service.user.UserServiceTest" tests="4" skipped="0" failures="0" errors="0" timestamp="2023-10-15T07:11:27" hostname="MacBookPro.local" time="0.039">
  <properties/>
  <testcase name="유저 정보를 저장할 수 있다." classname="com.group.libraryapp.service.user.UserServiceTest" time="0.011"/>
  <testcase name="회원의 이름 정보를 수정할 수 있습니다." classname="com.group.libraryapp.service.user.UserServiceTest" time="0.009"/>
  <testcase name="회원정보를 삭제할 수 있습니다." classname="com.group.libraryapp.service.user.UserServiceTest" time="0.007"/>
  <testcase name="전체 유저 정보를 조회할 수 있습니다." classname="com.group.libraryapp.service.user.UserServiceTest" time="0.008"/>
  <system-out><![CDATA[2023-10-15 16:11:27.332  INFO 34652 --- [    Test worker] .b.t.c.SpringBootTestContextBootstrapper : Neither @ContextConfiguration nor @ContextHierarchy found for test class [com.group.libraryapp.service.user.UserServiceTest], using SpringBootContextLoader
2023-10-15 16:11:27.333  INFO 34652 --- [    Test worker] o.s.t.c.support.AbstractContextLoader    : Could not detect default resource locations for test class [com.group.libraryapp.service.user.UserServiceTest]: no resource found for suffixes {-context.xml, Context.groovy}.
2023-10-15 16:11:27.333  INFO 34652 --- [    Test worker] t.c.s.AnnotationConfigContextLoaderUtils : Could not detect default configuration classes for test class [com.group.libraryapp.service.user.UserServiceTest]: UserServiceTest does not declare any static, non-private, non-final, nested classes annotated with @Configuration.
2023-10-15 16:11:27.335  INFO 34652 --- [    Test worker] .b.t.c.SpringBootTestContextBootstrapper : Found @SpringBootConfiguration com.group.libraryapp.LibraryAppApplication for test class com.group.libraryapp.service.user.UserServiceTest
2023-10-15 16:11:27.336  INFO 34652 --- [    Test worker] .b.t.c.SpringBootTestContextBootstrapper : Loaded default TestExecutionListener class names from location [META-INF/spring.factories]: [org.springframework.boot.test.autoconfigure.restdocs.RestDocsTestExecutionListener, org.springframework.boot.test.autoconfigure.web.client.MockRestServiceServerResetTestExecutionListener, org.springframework.boot.test.autoconfigure.web.servlet.MockMvcPrintOnlyOnFailureTestExecutionListener, org.springframework.boot.test.autoconfigure.web.servlet.WebDriverTestExecutionListener, org.springframework.boot.test.autoconfigure.webservices.client.MockWebServiceServerTestExecutionListener, org.springframework.boot.test.mock.mockito.MockitoTestExecutionListener, org.springframework.boot.test.mock.mockito.ResetMocksTestExecutionListener, org.springframework.test.context.web.ServletTestExecutionListener, org.springframework.test.context.support.DirtiesContextBeforeModesTestExecutionListener, org.springframework.test.context.event.ApplicationEventsTestExecutionListener, org.springframework.test.context.support.DependencyInjectionTestExecutionListener, org.springframework.test.context.support.DirtiesContextTestExecutionListener, org.springframework.test.context.transaction.TransactionalTestExecutionListener, org.springframework.test.context.jdbc.SqlScriptsTestExecutionListener, org.springframework.test.context.event.EventPublishingTestExecutionListener]
2023-10-15 16:11:27.336  INFO 34652 --- [    Test worker] .b.t.c.SpringBootTestContextBootstrapper : Using TestExecutionListeners: [org.springframework.test.context.web.ServletTestExecutionListener@5599f22f, org.springframework.test.context.support.DirtiesContextBeforeModesTestExecutionListener@ece769a, org.springframework.test.context.event.ApplicationEventsTestExecutionListener@7baf7a9d, org.springframework.boot.test.mock.mockito.MockitoTestExecutionListener@3d95100f, org.springframework.boot.test.autoconfigure.SpringBootDependencyInjectionTestExecutionListener@27879518, org.springframework.test.context.support.DirtiesContextTestExecutionListener@5a004dd4, org.springframework.test.context.transaction.TransactionalTestExecutionListener@5afbbf9b, org.springframework.test.context.jdbc.SqlScriptsTestExecutionListener@4f7bc9a3, org.springframework.test.context.event.EventPublishingTestExecutionListener@544faa01, org.springframework.boot.test.autoconfigure.restdocs.RestDocsTestExecutionListener@cf933b1, org.springframework.boot.test.autoconfigure.web.client.MockRestServiceServerResetTestExecutionListener@b7952d2, org.springframework.boot.test.autoconfigure.web.servlet.MockMvcPrintOnlyOnFailureTestExecutionListener@1a5ea4cf, org.springframework.boot.test.autoconfigure.web.servlet.WebDriverTestExecutionListener@33e80a27, org.springframework.boot.test.autoconfigure.webservices.client.MockWebServiceServerTestExecutionListener@7649d350, org.springframework.boot.test.mock.mockito.ResetMocksTestExecutionListener@37e7e089]
Hibernate: 
    insert 
    into
        user
        (id, age, name) 
    values
        (default, ?, ?)
Hibernate: 
    select
        user0_.id as id1_1_,
        user0_.age as age2_1_,
        user0_.name as name3_1_ 
    from
        user user0_
Hibernate: 
    delete 
    from
        user
Hibernate: 
    insert 
    into
        user
        (id, age, name) 
    values
        (default, ?, ?)
Hibernate: 
    select
        user0_.id as id1_1_0_,
        user0_.age as age2_1_0_,
        user0_.name as name3_1_0_ 
    from
        user user0_ 
    where
        user0_.id=?
Hibernate: 
    update
        user 
    set
        age=?,
        name=? 
    where
        id=?
Hibernate: 
    select
        user0_.id as id1_1_,
        user0_.age as age2_1_,
        user0_.name as name3_1_ 
    from
        user user0_
Hibernate: 
    delete 
    from
        user
Hibernate: 
    insert 
    into
        user
        (id, age, name) 
    values
        (default, ?, ?)
Hibernate: 
    select
        user0_.id as id1_1_,
        user0_.age as age2_1_,
        user0_.name as name3_1_ 
    from
        user user0_ 
    where
        user0_.name=?
Hibernate: 
    select
        userloanhi0_.user_id as user_id4_2_0_,
        userloanhi0_.id as id1_2_0_,
        userloanhi0_.id as id1_2_1_,
        userloanhi0_.book_name as book_nam2_2_1_,
        userloanhi0_.is_return as is_retur3_2_1_,
        userloanhi0_.user_id as user_id4_2_1_ 
    from
        user_loan_history userloanhi0_ 
    where
        userloanhi0_.user_id=?
Hibernate: 
    delete 
    from
        user 
    where
        id=?
Hibernate: 
    select
        user0_.id as id1_1_,
        user0_.age as age2_1_,
        user0_.name as name3_1_ 
    from
        user user0_
Hibernate: 
    delete 
    from
        user
Hibernate: 
    insert 
    into
        user
        (id, age, name) 
    values
        (default, ?, ?)
Hibernate: 
    insert 
    into
        user
        (id, age, name) 
    values
        (default, ?, ?)
Hibernate: 
    select
        user0_.id as id1_1_,
        user0_.age as age2_1_,
        user0_.name as name3_1_ 
    from
        user user0_
Hibernate: 
    delete 
    from
        user
]]></system-out>
  <system-err><![CDATA[]]></system-err>
</testsuite>
